2025-12-17 16:24:03 [INFO] ExtentReports initialized at V:\Selenium_Workspace\sauce_demo/test-output/ExtentReport.html
2025-12-17 16:24:11 [INFO] Browser started and navigated to saucedemo
2025-12-17 16:24:11 [INFO] Starting login test for user standard_user
2025-12-17 16:24:11 [INFO] Entered username: standard_user
2025-12-17 16:24:12 [INFO] Entered password
2025-12-17 16:24:12 [INFO] Clicked login button
2025-12-17 16:24:13 [INFO] Browser closed
2025-12-17 16:24:14 [INFO] ExtentReports flushed
2025-12-17 16:35:59 [INFO] ExtentReports initialized at V:\Selenium_Workspace\sauce_demo/test-output/ExtentReport.html
2025-12-17 16:36:03 [INFO] Browser started and navigated to saucedemo
2025-12-17 16:36:03 [INFO] Starting login test for user standard_user
2025-12-17 16:36:03 [INFO] Entered username: standard_user
2025-12-17 16:36:03 [INFO] Entered password
2025-12-17 16:36:03 [INFO] Clicked login button
2025-12-17 16:36:05 [INFO] Browser closed
2025-12-17 16:36:05 [INFO] ExtentReports flushed
2025-12-17 16:36:27 [INFO] ExtentReports initialized at V:\Selenium_Workspace\sauce_demo/test-output/ExtentReport.html
2025-12-17 16:36:30 [INFO] Browser started and navigated to saucedemo
2025-12-17 16:36:30 [INFO] Starting login test for user standard_user
2025-12-17 16:36:30 [INFO] Entered username: standard_user
2025-12-17 16:36:30 [INFO] Entered password
2025-12-17 16:36:30 [INFO] Clicked login button
2025-12-17 16:36:32 [INFO] Browser closed
2025-12-17 16:36:32 [INFO] ExtentReports flushed
2025-12-17 16:50:21 [INFO] ExtentReports initialized at V:\Selenium_Workspace\sauce_demo/test-output/ExtentReport.html
2025-12-17 16:50:24 [INFO] Browser started and navigated to saucedemo
2025-12-17 16:50:24 [INFO] Starting login test for user standard_user
2025-12-17 16:50:24 [INFO] Entered username: standard_user
2025-12-17 16:50:24 [INFO] Entered password
2025-12-17 16:50:25 [INFO] Clicked login button
2025-12-17 16:50:26 [INFO] Browser closed
2025-12-17 16:50:26 [INFO] ExtentReports flushed
2025-12-17 16:51:14 [INFO] ExtentReports initialized at V:\Selenium_Workspace\sauce_demo/test-output/ExtentReport.html
2025-12-17 16:51:17 [INFO] Browser started and navigated to saucedemo
2025-12-17 16:51:17 [INFO] Starting login test for user standard_user
2025-12-17 16:51:17 [INFO] Entered username: standard_user
2025-12-17 16:51:18 [INFO] Entered password
2025-12-17 16:51:18 [INFO] Clicked login button
2025-12-17 16:51:19 [INFO] Browser closed
2025-12-17 16:51:19 [INFO] ExtentReports flushed
2025-12-17 16:56:18 [INFO] ExtentReports initialized at V:\Selenium_Workspace\sauce_demo/test-output/ExtentReport.html
2025-12-17 16:56:21 [INFO] Browser started and navigated to saucedemo
2025-12-17 16:56:22 [INFO] Starting login test for user standard_user
2025-12-17 16:56:22 [INFO] Entered username: standard_user
2025-12-17 16:56:22 [INFO] Entered password
2025-12-17 16:56:22 [INFO] Clicked login button
2025-12-17 16:56:23 [INFO] Browser closed
2025-12-17 16:56:24 [INFO] Browser started and navigated to saucedemo
2025-12-17 16:56:24 [INFO] Starting login test for user standard_user
2025-12-17 16:56:25 [INFO] Entered username: standard_user
2025-12-17 16:56:25 [INFO] Entered password
2025-12-17 16:56:25 [INFO] Clicked login button
2025-12-17 16:56:27 [INFO] Browser closed
2025-12-17 16:56:29 [INFO] Browser started and navigated to saucedemo
2025-12-17 16:56:29 [INFO] Starting login test for user username
2025-12-17 16:56:29 [INFO] Entered username: username
2025-12-17 16:56:29 [INFO] Entered password
2025-12-17 16:56:29 [INFO] Clicked login button
2025-12-17 16:56:31 [INFO] Browser closed
2025-12-17 16:56:32 [INFO] Browser started and navigated to saucedemo
2025-12-17 16:56:32 [INFO] Starting login test for user username
2025-12-17 16:56:32 [INFO] Entered username: username
2025-12-17 16:56:32 [INFO] Entered password
2025-12-17 16:56:32 [INFO] Clicked login button
2025-12-17 16:56:34 [INFO] Browser closed
2025-12-17 16:56:34 [INFO] ExtentReports flushed
2025-12-17 17:17:01 [INFO] ExtentReports initialized at V:\Selenium_Workspace\sauce_demo/test-output/ExtentReport.html
2025-12-17 17:17:05 [INFO] Browser started and navigated to saucedemo
2025-12-17 17:17:05 [INFO] Starting login test for user standard_user
2025-12-17 17:17:05 [INFO] Entered username: standard_user
2025-12-17 17:17:05 [INFO] Entered password
2025-12-17 17:17:05 [INFO] Clicked login button
2025-12-17 17:17:07 [INFO] Browser closed
2025-12-17 17:17:08 [INFO] Browser started and navigated to saucedemo
2025-12-17 17:17:08 [INFO] Starting login test for user standard_user
2025-12-17 17:17:09 [INFO] Entered username: standard_user
2025-12-17 17:17:09 [INFO] Entered password
2025-12-17 17:17:09 [INFO] Clicked login button
2025-12-17 17:17:10 [INFO] Browser closed
2025-12-17 17:17:12 [INFO] Browser started and navigated to saucedemo
2025-12-17 17:17:12 [INFO] Starting login test for user username
2025-12-17 17:17:12 [INFO] Entered username: username
2025-12-17 17:17:12 [INFO] Entered password
2025-12-17 17:17:12 [INFO] Clicked login button
2025-12-17 17:17:14 [INFO] Browser closed
2025-12-17 17:17:15 [INFO] Browser started and navigated to saucedemo
2025-12-17 17:17:15 [INFO] Starting login test for user username
2025-12-17 17:17:16 [INFO] Entered username: username
2025-12-17 17:17:16 [INFO] Entered password
2025-12-17 17:17:16 [INFO] Clicked login button
2025-12-17 17:17:17 [INFO] Browser closed
2025-12-17 17:17:18 [INFO] ExtentReports flushed
2025-12-20 22:44:24 [INFO] ExtentReports initialized at V:\Selenium_Workspace\sauce_demo/test-output/ExtentReport.html
2025-12-20 22:44:35 [INFO] Browser started and navigated to saucedemo
2025-12-20 22:44:35 [INFO] Starting login test for user standard_user
2025-12-20 22:44:36 [INFO] Entered username: standard_user
2025-12-20 22:44:36 [INFO] Entered password
2025-12-20 22:44:36 [INFO] Clicked login button
2025-12-20 22:44:37 [INFO] Browser closed
2025-12-20 22:44:39 [INFO] Browser started and navigated to saucedemo
2025-12-20 22:44:39 [INFO] Starting login test for user standard_user
2025-12-20 22:44:39 [INFO] Entered username: standard_user
2025-12-20 22:44:39 [INFO] Entered password
2025-12-20 22:44:39 [INFO] Clicked login button
2025-12-20 22:44:41 [INFO] Browser closed
2025-12-20 22:44:43 [INFO] Browser started and navigated to saucedemo
2025-12-20 22:44:43 [INFO] Starting login test for user username
2025-12-20 22:44:44 [INFO] Entered username: username
2025-12-20 22:44:44 [INFO] Entered password
2025-12-20 22:44:44 [INFO] Clicked login button
2025-12-20 22:44:45 [INFO] Browser closed
2025-12-20 22:44:48 [INFO] Browser started and navigated to saucedemo
2025-12-20 22:44:48 [INFO] Starting login test for user username
2025-12-20 22:44:48 [INFO] Entered username: username
2025-12-20 22:44:49 [INFO] Entered password
2025-12-20 22:44:49 [INFO] Clicked login button
2025-12-20 22:44:50 [INFO] Browser closed
2025-12-20 22:44:51 [INFO] ExtentReports flushed
2025-12-20 23:01:21 [INFO] ExtentReports initialized at V:\Selenium_Workspace\sauce_demo/test-output/ExtentReport.html
2025-12-20 23:01:25 [INFO] Browser started and navigated to saucedemo
2025-12-20 23:01:25 [INFO] Login attempt for user: standard_user
2025-12-20 23:01:25 [INFO] Entered username: standard_user
2025-12-20 23:01:25 [INFO] Entered password
2025-12-20 23:01:25 [INFO] Clicked login button
2025-12-20 23:01:26 [INFO] Browser closed
2025-12-20 23:01:28 [INFO] Browser started and navigated to saucedemo
2025-12-20 23:01:28 [INFO] Login attempt for user: standard_user
2025-12-20 23:01:28 [INFO] Entered username: standard_user
2025-12-20 23:01:29 [INFO] Entered password
2025-12-20 23:01:29 [INFO] Clicked login button
2025-12-20 23:01:29 [INFO] Browser closed
2025-12-20 23:01:30 [INFO] Browser started and navigated to saucedemo
2025-12-20 23:01:30 [INFO] Login attempt for user: username
2025-12-20 23:01:31 [INFO] Entered username: username
2025-12-20 23:01:31 [INFO] Entered password
2025-12-20 23:01:31 [INFO] Clicked login button
2025-12-20 23:01:31 [INFO] Browser closed
2025-12-20 23:01:33 [INFO] Browser started and navigated to saucedemo
2025-12-20 23:01:33 [INFO] Login attempt for user: invalid
2025-12-20 23:01:33 [INFO] Entered username: invalid
2025-12-20 23:01:34 [INFO] Entered password
2025-12-20 23:01:34 [INFO] Clicked login button
2025-12-20 23:01:34 [INFO] Browser closed
2025-12-20 23:01:34 [INFO] ExtentReports flushed
2025-12-20 23:28:04 [INFO] ExtentReports initialized at V:\Selenium_Workspace\sauce_demo/test-output/ExtentReport.html
2025-12-20 23:28:07 [INFO] Browser started and navigated to saucedemo
2025-12-20 23:28:08 [INFO] Login attempt for user: standard_user
2025-12-20 23:28:08 [INFO] Entered username: standard_user
2025-12-20 23:28:08 [INFO] Entered password
2025-12-20 23:28:08 [INFO] Clicked login button
2025-12-20 23:28:08 [INFO] Browser closed
2025-12-20 23:28:10 [INFO] Browser started and navigated to saucedemo
2025-12-20 23:28:10 [INFO] Login attempt for user: standard_user
2025-12-20 23:28:10 [INFO] Entered username: standard_user
2025-12-20 23:28:10 [INFO] Entered password
2025-12-20 23:28:10 [INFO] Clicked login button
2025-12-20 23:28:10 [INFO] Browser closed
2025-12-20 23:28:12 [INFO] Browser started and navigated to saucedemo
2025-12-20 23:28:12 [INFO] Login attempt for user: username
2025-12-20 23:28:12 [INFO] Entered username: username
2025-12-20 23:28:12 [INFO] Entered password
2025-12-20 23:28:12 [INFO] Clicked login button
2025-12-20 23:28:12 [INFO] Browser closed
2025-12-20 23:28:14 [INFO] Browser started and navigated to saucedemo
2025-12-20 23:28:14 [INFO] Login attempt for user: invalid
2025-12-20 23:28:14 [INFO] Entered username: invalid
2025-12-20 23:28:14 [INFO] Entered password
2025-12-20 23:28:14 [INFO] Clicked login button
2025-12-20 23:28:15 [INFO] Browser closed
2025-12-20 23:28:15 [INFO] ExtentReports flushed
2026-01-04 21:36:09 [INFO] ExtentReports initialized at V:\Selenium_Workspace\sauce_demo/test-output/ExtentReport.html
2026-01-04 21:36:14 [INFO] Browser started and navigated to saucedemo
2026-01-04 21:36:15 [INFO] Login attempt for user: standard_user
2026-01-04 21:36:15 [INFO] Entered username: standard_user
2026-01-04 21:36:15 [INFO] Entered password
2026-01-04 21:36:15 [INFO] Clicked login button
2026-01-04 21:36:16 [INFO] Browser closed
2026-01-04 21:36:17 [INFO] Browser started and navigated to saucedemo
2026-01-04 21:36:17 [INFO] Login attempt for user: 
2026-01-04 21:36:17 [INFO] Entered username: 
2026-01-04 21:36:17 [INFO] Entered password
2026-01-04 21:36:18 [INFO] Clicked login button
2026-01-04 21:36:18 [INFO] Browser closed
2026-01-04 21:36:19 [INFO] Browser started and navigated to saucedemo
2026-01-04 21:36:19 [INFO] Login attempt for user: 
2026-01-04 21:36:20 [INFO] Entered username: 
2026-01-04 21:36:20 [INFO] Entered password
2026-01-04 21:36:20 [INFO] Clicked login button
2026-01-04 21:36:20 [INFO] Browser closed
2026-01-04 21:36:22 [INFO] Browser started and navigated to saucedemo
2026-01-04 21:36:22 [INFO] Login attempt for user: 
2026-01-04 21:36:22 [INFO] Entered username: 
2026-01-04 21:36:22 [INFO] Entered password
2026-01-04 21:36:22 [INFO] Clicked login button
2026-01-04 21:36:23 [INFO] Browser closed
2026-01-04 21:36:24 [INFO] Browser started and navigated to saucedemo
2026-01-04 21:36:24 [INFO] User try to add items to cart
2026-01-04 21:36:25 [INFO] Browser closed
2026-01-04 21:36:25 [INFO] ExtentReports flushed
2026-01-04 21:46:38 [INFO] ExtentReports initialized at V:\Selenium_Workspace\sauce_demo/test-output/ExtentReport.html
2026-01-04 21:46:41 [INFO] Browser started for FLOW test
2026-01-04 21:46:42 [INFO] Login attempt for user: standard_user
2026-01-04 21:46:42 [INFO] Login attempt for user: 
2026-01-04 21:46:42 [INFO] Login attempt for user: 
2026-01-04 21:46:42 [INFO] Login attempt for user: 
2026-01-04 21:46:42 [INFO] Browser closed after FLOW test
2026-01-04 21:46:43 [INFO] ExtentReports flushed
2026-01-04 21:48:47 [INFO] ExtentReports initialized at V:\Selenium_Workspace\sauce_demo/test-output/ExtentReport.html
2026-01-04 21:48:49 [INFO] Browser started for FLOW test
2026-01-04 21:48:50 [INFO] Login attempt for user: standard_user
2026-01-04 21:48:50 [INFO] Entered username: standard_user
2026-01-04 21:48:50 [INFO] Entered password
2026-01-04 21:48:50 [INFO] Clicked login button
2026-01-04 21:48:50 [INFO] Login attempt for user: 
2026-01-04 21:48:50 [INFO] Login attempt for user: 
2026-01-04 21:48:50 [INFO] Login attempt for user: 
2026-01-04 21:48:51 [INFO] Browser closed after FLOW test
2026-01-04 21:48:51 [INFO] ExtentReports flushed
2026-01-04 22:02:39 [INFO] ExtentReports initialized at V:\Selenium_Workspace\sauce_demo/test-output/ExtentReport.html
2026-01-04 22:02:42 [INFO] Browser started for FLOW test
2026-01-04 22:02:42 [INFO] Login attempt for user: standard_user
2026-01-04 22:02:43 [INFO] Entered username: standard_user
2026-01-04 22:02:43 [INFO] Entered password
2026-01-04 22:02:43 [INFO] Clicked login button
2026-01-04 22:02:43 [INFO] User try to add items to cart
2026-01-04 22:02:43 [INFO] Item added to cart
2026-01-04 22:02:43 [INFO] Cart is opened
2026-01-04 22:02:43 [INFO] user try to move on checkout page
2026-01-04 22:02:43 [INFO] Clicked on Checkout Button
2026-01-04 22:02:44 [INFO] Browser closed after FLOW test
2026-01-04 22:02:44 [INFO] ExtentReports flushed
2026-01-04 22:05:53 [INFO] ExtentReports initialized at V:\Selenium_Workspace\sauce_demo/test-output/ExtentReport.html
2026-01-04 22:05:55 [INFO] Browser started for FLOW test
2026-01-04 22:05:56 [INFO] Login attempt for user: standard_user
2026-01-04 22:05:57 [INFO] Entered username: standard_user
2026-01-04 22:05:57 [INFO] Entered password
2026-01-04 22:05:57 [INFO] Clicked login button
2026-01-04 22:05:57 [INFO] User try to add items to cart
2026-01-04 22:05:57 [INFO] Item added to cart
2026-01-04 22:05:57 [INFO] Cart is opened
2026-01-04 22:05:57 [INFO] user try to move on checkout page
2026-01-04 22:05:57 [INFO] Clicked on Checkout Button
2026-01-04 22:05:59 [INFO] Browser closed after FLOW test
2026-01-04 22:05:59 [INFO] ExtentReports flushed
2026-01-04 22:08:13 [INFO] ExtentReports initialized at V:\Selenium_Workspace\sauce_demo/test-output/ExtentReport.html
2026-01-04 22:08:20 [INFO] Browser started for FLOW test
2026-01-04 22:08:21 [INFO] Login attempt for user: standard_user
2026-01-04 22:08:21 [INFO] Entered username: standard_user
2026-01-04 22:08:22 [INFO] Entered password
2026-01-04 22:08:22 [INFO] Clicked login button
2026-01-04 22:08:22 [INFO] User try to add items to cart
2026-01-04 22:08:22 [INFO] Item added to cart
2026-01-04 22:08:22 [INFO] Cart is opened
2026-01-04 22:08:22 [INFO] user try to move on checkout page
2026-01-04 22:08:22 [INFO] Clicked on Checkout Button
2026-01-04 22:08:24 [INFO] Checkout for user: Ronak
2026-01-04 22:08:24 [INFO] Entered First name: Ronak
2026-01-04 22:08:24 [INFO] Entered Last name: Ved
2026-01-04 22:08:24 [INFO] Entered Postal Code: 400080
2026-01-04 22:08:24 [INFO] Clicked Continue Button
2026-01-04 22:08:24 [INFO] Checkout for user: 
2026-01-04 22:08:24 [INFO] Checkout for user: 
2026-01-04 22:08:24 [INFO] Checkout for user: 
2026-01-04 22:08:30 [INFO] Browser closed after FLOW test
2026-01-04 22:08:30 [INFO] ExtentReports flushed
2026-01-04 22:09:38 [INFO] ExtentReports initialized at V:\Selenium_Workspace\sauce_demo/test-output/ExtentReport.html
2026-01-04 22:09:43 [INFO] Browser started for FLOW test
2026-01-04 22:09:44 [INFO] Login attempt for user: standard_user
2026-01-04 22:09:44 [INFO] Entered username: standard_user
2026-01-04 22:09:44 [INFO] Entered password
2026-01-04 22:09:44 [INFO] Clicked login button
2026-01-04 22:09:44 [INFO] User try to add items to cart
2026-01-04 22:09:44 [INFO] Item added to cart
2026-01-04 22:09:44 [INFO] Cart is opened
2026-01-04 22:09:44 [INFO] user try to move on checkout page
2026-01-04 22:09:44 [INFO] Clicked on Checkout Button
2026-01-04 22:09:46 [INFO] Checkout for user: Ronak
2026-01-04 22:09:46 [INFO] Entered First name: Ronak
2026-01-04 22:09:46 [INFO] Entered Last name: Ved
2026-01-04 22:09:46 [INFO] Entered Postal Code: 400080
2026-01-04 22:09:46 [INFO] Clicked Continue Button
2026-01-04 22:09:46 [INFO] user clicks on finish button
2026-01-04 22:09:46 [INFO] Clicked Finish button
2026-01-04 22:09:46 [INFO] user clicks on back home button
2026-01-04 22:09:48 [INFO] Browser closed after FLOW test
2026-01-04 22:09:48 [INFO] ExtentReports flushed
2026-01-04 22:11:51 [INFO] ExtentReports initialized at V:\Selenium_Workspace\sauce_demo/test-output/ExtentReport.html
2026-01-04 22:11:56 [INFO] Browser started for FLOW test
2026-01-04 22:11:57 [INFO] Login attempt for user: standard_user
2026-01-04 22:11:57 [INFO] Entered username: standard_user
2026-01-04 22:11:57 [INFO] Entered password
2026-01-04 22:11:58 [INFO] Clicked login button
2026-01-04 22:11:58 [INFO] User try to add items to cart
2026-01-04 22:11:58 [INFO] Item added to cart
2026-01-04 22:11:58 [INFO] Cart is opened
2026-01-04 22:11:58 [INFO] user try to move on checkout page
2026-01-04 22:11:58 [INFO] Clicked on Checkout Button
2026-01-04 22:11:59 [INFO] Checkout for user: Ronak
2026-01-04 22:12:00 [INFO] Entered First name: Ronak
2026-01-04 22:12:00 [INFO] Entered Last name: Ved
2026-01-04 22:12:00 [INFO] Entered Postal Code: 400080
2026-01-04 22:12:00 [INFO] Clicked Continue Button
2026-01-04 22:12:00 [INFO] user clicks on finish button
2026-01-04 22:12:00 [INFO] Clicked Finish button
2026-01-04 22:12:00 [INFO] user clicks on back home button
2026-01-04 22:12:03 [INFO] Browser closed after FLOW test
2026-01-04 22:12:03 [INFO] ExtentReports flushed
2026-01-04 22:15:34 [INFO] ExtentReports initialized at V:\Selenium_Workspace\sauce_demo/test-output/ExtentReport.html
2026-01-04 22:15:40 [INFO] Browser started for FLOW test
2026-01-04 22:15:40 [INFO] Login attempt for user: standard_user
2026-01-04 22:15:41 [INFO] Entered username: standard_user
2026-01-04 22:15:41 [INFO] Entered password
2026-01-04 22:15:41 [INFO] Clicked login button
2026-01-04 22:15:41 [INFO] User try to add items to cart
2026-01-04 22:15:41 [INFO] Item added to cart
2026-01-04 22:15:41 [INFO] Cart is opened
2026-01-04 22:15:41 [INFO] user try to move on checkout page
2026-01-04 22:15:41 [INFO] Clicked on Checkout Button
2026-01-04 22:15:43 [INFO] Checkout for user: Ronak
2026-01-04 22:15:43 [INFO] Entered First name: Ronak
2026-01-04 22:15:43 [INFO] Entered Last name: Ved
2026-01-04 22:15:43 [INFO] Entered Postal Code: 400080
2026-01-04 22:15:43 [INFO] Clicked Continue Button
2026-01-04 22:15:43 [INFO] user clicks on finish button
2026-01-04 22:15:43 [INFO] Clicked Finish button
2026-01-04 22:15:46 [INFO] Browser closed after FLOW test
2026-01-04 22:15:46 [INFO] ExtentReports flushed
2026-01-04 22:20:06 [INFO] ExtentReports initialized at V:\Selenium_Workspace\sauce_demo/test-output/ExtentReport.html
2026-01-04 22:20:11 [INFO] Browser started for FLOW test
2026-01-04 22:20:13 [INFO] Login attempt for user: standard_user
2026-01-04 22:20:13 [INFO] Entered username: standard_user
2026-01-04 22:20:13 [INFO] Entered password
2026-01-04 22:20:13 [INFO] Clicked login button
2026-01-04 22:20:13 [INFO] User try to add items to cart
2026-01-04 22:20:13 [INFO] Item added to cart
2026-01-04 22:20:13 [INFO] Cart is opened
2026-01-04 22:20:13 [INFO] user try to move on checkout page
2026-01-04 22:20:13 [INFO] Clicked on Checkout Button
2026-01-04 22:20:15 [INFO] Checkout for user: Ronak
2026-01-04 22:20:15 [INFO] Entered First name: Ronak
2026-01-04 22:20:15 [INFO] Entered Last name: Ved
2026-01-04 22:20:15 [INFO] Entered Postal Code: 400080
2026-01-04 22:20:15 [INFO] Clicked Continue Button
2026-01-04 22:20:15 [INFO] user clicks on finish button
2026-01-04 22:20:15 [INFO] Clicked Finish button
2026-01-04 22:20:15 [INFO] user clicks on back home button
2026-01-04 22:20:15 [INFO] Clicked Back Home button
2026-01-04 22:20:15 [INFO] user clicks on logout Button
2026-01-04 22:20:15 [INFO] Clicked on Menu Button
2026-01-04 22:20:17 [INFO] Browser closed after FLOW test
2026-01-04 22:20:17 [INFO] ExtentReports flushed
2026-01-04 22:26:15 [INFO] ExtentReports initialized at V:\Selenium_Workspace\sauce_demo/test-output/ExtentReport.html
2026-01-04 22:26:21 [INFO] Browser started for FLOW test
2026-01-04 22:26:22 [INFO] Login attempt for user: standard_user
2026-01-04 22:26:22 [INFO] Entered username: standard_user
2026-01-04 22:26:22 [INFO] Entered password
2026-01-04 22:26:22 [INFO] Clicked login button
2026-01-04 22:26:22 [INFO] User try to add items to cart
2026-01-04 22:26:22 [INFO] Item added to cart
2026-01-04 22:26:22 [INFO] Cart is opened
2026-01-04 22:26:22 [INFO] user try to move on checkout page
2026-01-04 22:26:22 [INFO] Clicked on Checkout Button
2026-01-04 22:26:24 [INFO] Checkout for user: Ronak
2026-01-04 22:26:24 [INFO] Entered First name: Ronak
2026-01-04 22:26:24 [INFO] Entered Last name: Ved
2026-01-04 22:26:24 [INFO] Entered Postal Code: 400080
2026-01-04 22:26:24 [INFO] Clicked Continue Button
2026-01-04 22:26:24 [INFO] user clicks on finish button
2026-01-04 22:26:24 [INFO] Clicked Finish button
2026-01-04 22:26:24 [INFO] user clicks on back home button
2026-01-04 22:26:24 [INFO] Clicked Back Home button
2026-01-04 22:26:24 [INFO] user clicks on logout Button
2026-01-04 22:26:24 [INFO] Clicked on Menu Button
2026-01-04 22:26:24 [INFO] Clicked Logout Button
2026-01-04 22:26:26 [INFO] Browser closed after FLOW test
2026-01-04 22:26:26 [INFO] ExtentReports flushed
2026-01-06 17:48:18 [INFO] ExtentReports initialized at V:\Selenium_Workspace\sauce_demo/test-output/ExtentReport.html
2026-01-06 17:48:27 [INFO] Browser started for FLOW test
2026-01-06 17:48:28 [INFO] Login attempt for user: standard_user
2026-01-06 17:48:28 [INFO] Entered username: standard_user
2026-01-06 17:48:28 [INFO] Entered password
2026-01-06 17:48:29 [INFO] Clicked login button
2026-01-06 17:48:29 [INFO] User try to add items to cart
2026-01-06 17:48:29 [INFO] Item added to cart
2026-01-06 17:48:29 [INFO] Cart is opened
2026-01-06 17:48:29 [INFO] user try to move on checkout page
2026-01-06 17:48:29 [INFO] Clicked on Checkout Button
2026-01-06 17:48:31 [INFO] Checkout for user: Ronak
2026-01-06 17:48:31 [INFO] Entered First name: Ronak
2026-01-06 17:48:31 [INFO] Entered Last name: Ved
2026-01-06 17:48:31 [INFO] Entered Postal Code: 400080
2026-01-06 17:48:31 [INFO] Clicked Continue Button
2026-01-06 17:48:31 [INFO] user clicks on finish button
2026-01-06 17:48:31 [INFO] Clicked Finish button
2026-01-06 17:48:31 [INFO] user clicks on back home button
2026-01-06 17:48:31 [INFO] Clicked Back Home button
2026-01-06 17:48:31 [INFO] user clicks on logout Button
2026-01-06 17:48:31 [INFO] Clicked on Menu Button
2026-01-06 17:48:31 [INFO] Clicked Logout Button
2026-01-06 17:48:33 [INFO] Browser closed after FLOW test
2026-01-06 17:48:33 [INFO] ExtentReports flushed
2026-01-07 16:06:42 [INFO] ExtentReports initialized at V:\Selenium_Workspace\sauce_demo/test-output/ExtentReport.html
2026-01-07 16:06:49 [INFO] Browser started for FLOW test
2026-01-07 16:06:51 [INFO] Login attempt for user: standard_user
2026-01-07 16:06:51 [INFO] Entered username: standard_user
2026-01-07 16:06:51 [INFO] Entered password
2026-01-07 16:06:51 [INFO] Clicked login button
2026-01-07 16:06:51 [INFO] User try to add items to cart
2026-01-07 16:06:51 [INFO] Item added to cart
2026-01-07 16:06:51 [INFO] Cart is opened
2026-01-07 16:06:51 [INFO] user try to move on checkout page
2026-01-07 16:06:51 [INFO] Clicked on Checkout Button
2026-01-07 16:06:53 [INFO] Checkout for user: Ronak
2026-01-07 16:06:53 [INFO] Entered First name: Ronak
2026-01-07 16:06:53 [INFO] Entered Last name: Ved
2026-01-07 16:06:53 [INFO] Entered Postal Code: 400080
2026-01-07 16:06:53 [INFO] Clicked Continue Button
2026-01-07 16:06:53 [INFO] user clicks on finish button
2026-01-07 16:06:53 [INFO] Clicked Finish button
2026-01-07 16:06:53 [INFO] user clicks on back home button
2026-01-07 16:06:53 [INFO] Clicked Back Home button
2026-01-07 16:06:53 [INFO] user clicks on logout Button
2026-01-07 16:06:53 [INFO] Clicked on Menu Button
2026-01-07 16:06:53 [INFO] Clicked Logout Button
2026-01-07 16:06:54 [INFO] Browser closed after FLOW test
2026-01-07 16:06:55 [INFO] ExtentReports flushed
